<?xml version="1.0" encoding="UTF-8"?>
<testng-results skipped="0" failed="0" total="4" passed="4">
  <reporter-output>
  </reporter-output>
  <suite name="BDD Test Suite" duration-ms="33898" started-at="2018-06-05T02:31:00Z" finished-at="2018-06-05T02:31:34Z">
    <groups>
      <group name="cucumber">
        <method signature="AbstractTestNGCucumberTests.feature(cucumber.api.testng.CucumberFeatureWrapper)[pri:0, instance:HooksAndTestRunner.TestRunnerOne@dc24521]" name="feature" class="cucumber.api.testng.AbstractTestNGCucumberTests"/>
        <method signature="AbstractTestNGCucumberTests.feature(cucumber.api.testng.CucumberFeatureWrapper)[pri:0, instance:HooksAndTestRunner.TestRunnerOne@6c3708b3]" name="feature" class="cucumber.api.testng.AbstractTestNGCucumberTests"/>
      </group> <!-- cucumber -->
    </groups>
    <test name="ArrayTests" duration-ms="19441" started-at="2018-06-05T02:31:00Z" finished-at="2018-06-05T02:31:19Z">
      <class name="HooksAndTestRunner.TestRunnerOne">
        <test-method status="PASS" signature="setUpClass()[pri:0, instance:HooksAndTestRunner.TestRunnerOne@dc24521]" name="setUpClass" is-config="true" duration-ms="596" started-at="2018-06-05T03:31:00Z" finished-at="2018-06-05T03:31:00Z">
          <reporter-output>
          </reporter-output>
        </test-method> <!-- setUpClass -->
        <test-method status="PASS" signature="setUp()[pri:0, instance:HooksAndTestRunner.TestRunnerOne@dc24521]" name="setUp" is-config="true" duration-ms="11074" started-at="2018-06-05T03:31:00Z" finished-at="2018-06-05T03:31:11Z">
          <reporter-output>
          </reporter-output>
        </test-method> <!-- setUp -->
        <test-method status="PASS" signature="feature(cucumber.api.testng.CucumberFeatureWrapper)[pri:0, instance:HooksAndTestRunner.TestRunnerOne@dc24521]" name="feature" duration-ms="327" started-at="2018-06-05T03:31:12Z" description="Runs Cucumber Feature" data-provider="features" finished-at="2018-06-05T03:31:12Z">
          <params>
            <param index="0">
              <value>
                <![CDATA[ArrayTests]]>
              </value>
            </param>
          </params>
          <reporter-output>
          </reporter-output>
        </test-method> <!-- feature -->
        <test-method status="PASS" signature="tearDownr(org.testng.ITestResult)[pri:0, instance:HooksAndTestRunner.TestRunnerOne@dc24521]" name="tearDownr" is-config="true" duration-ms="577" started-at="2018-06-05T03:31:12Z" finished-at="2018-06-05T03:31:13Z">
          <params>
            <param index="0">
              <value>
                <![CDATA[[TestResult name=feature status=SUCCESS method=AbstractTestNGCucumberTests.feature(cucumber.api.testng.CucumberFeatureWrapper)[pri:0, instance:HooksAndTestRunner.TestRunnerOne@dc24521] output={null}]]]>
              </value>
            </param>
          </params>
          <reporter-output>
          </reporter-output>
        </test-method> <!-- tearDownr -->
        <test-method status="PASS" signature="feature(cucumber.api.testng.CucumberFeatureWrapper)[pri:0, instance:HooksAndTestRunner.TestRunnerOne@dc24521]" name="feature" duration-ms="5050" started-at="2018-06-05T03:31:13Z" description="Runs Cucumber Feature" data-provider="features" finished-at="2018-06-05T03:31:18Z">
          <params>
            <param index="0">
              <value>
                <![CDATA[WikipediaTests]]>
              </value>
            </param>
          </params>
          <reporter-output>
          </reporter-output>
        </test-method> <!-- feature -->
        <test-method status="PASS" signature="tearDownr(org.testng.ITestResult)[pri:0, instance:HooksAndTestRunner.TestRunnerOne@dc24521]" name="tearDownr" is-config="true" duration-ms="385" started-at="2018-06-05T03:31:18Z" finished-at="2018-06-05T03:31:18Z">
          <params>
            <param index="0">
              <value>
                <![CDATA[[TestResult name=feature status=SUCCESS method=AbstractTestNGCucumberTests.feature(cucumber.api.testng.CucumberFeatureWrapper)[pri:0, instance:HooksAndTestRunner.TestRunnerOne@dc24521] output={null}]]]>
              </value>
            </param>
          </params>
          <reporter-output>
          </reporter-output>
        </test-method> <!-- tearDownr -->
        <test-method status="PASS" signature="takeScreenshot()[pri:0, instance:HooksAndTestRunner.TestRunnerOne@dc24521]" name="takeScreenshot" is-config="true" duration-ms="1158" started-at="2018-06-05T03:31:18Z" finished-at="2018-06-05T03:31:19Z">
          <reporter-output>
          </reporter-output>
        </test-method> <!-- takeScreenshot -->
        <test-method status="PASS" signature="tearDownClass()[pri:0, instance:HooksAndTestRunner.TestRunnerOne@dc24521]" name="tearDownClass" is-config="true" duration-ms="20" started-at="2018-06-05T03:31:19Z" finished-at="2018-06-05T03:31:19Z">
          <reporter-output>
          </reporter-output>
        </test-method> <!-- tearDownClass -->
      </class> <!-- HooksAndTestRunner.TestRunnerOne -->
    </test> <!-- ArrayTests -->
    <test name="WikipediaTests" duration-ms="14416" started-at="2018-06-05T02:31:19Z" finished-at="2018-06-05T02:31:34Z">
      <class name="HooksAndTestRunner.TestRunnerOne">
        <test-method status="PASS" signature="setUpClass()[pri:0, instance:HooksAndTestRunner.TestRunnerOne@6c3708b3]" name="setUpClass" is-config="true" duration-ms="29" started-at="2018-06-05T03:31:19Z" finished-at="2018-06-05T03:31:19Z">
          <reporter-output>
          </reporter-output>
        </test-method> <!-- setUpClass -->
        <test-method status="PASS" signature="setUp()[pri:0, instance:HooksAndTestRunner.TestRunnerOne@6c3708b3]" name="setUp" is-config="true" duration-ms="7698" started-at="2018-06-05T03:31:19Z" finished-at="2018-06-05T03:31:27Z">
          <reporter-output>
          </reporter-output>
        </test-method> <!-- setUp -->
        <test-method status="PASS" signature="feature(cucumber.api.testng.CucumberFeatureWrapper)[pri:0, instance:HooksAndTestRunner.TestRunnerOne@6c3708b3]" name="feature" duration-ms="21" started-at="2018-06-05T03:31:27Z" description="Runs Cucumber Feature" data-provider="features" finished-at="2018-06-05T03:31:27Z">
          <params>
            <param index="0">
              <value>
                <![CDATA[ArrayTests]]>
              </value>
            </param>
          </params>
          <reporter-output>
          </reporter-output>
        </test-method> <!-- feature -->
        <test-method status="PASS" signature="tearDownr(org.testng.ITestResult)[pri:0, instance:HooksAndTestRunner.TestRunnerOne@6c3708b3]" name="tearDownr" is-config="true" duration-ms="450" started-at="2018-06-05T03:31:27Z" finished-at="2018-06-05T03:31:27Z">
          <params>
            <param index="0">
              <value>
                <![CDATA[[TestResult name=feature status=SUCCESS method=AbstractTestNGCucumberTests.feature(cucumber.api.testng.CucumberFeatureWrapper)[pri:0, instance:HooksAndTestRunner.TestRunnerOne@6c3708b3] output={null}]]]>
              </value>
            </param>
          </params>
          <reporter-output>
          </reporter-output>
        </test-method> <!-- tearDownr -->
        <test-method status="PASS" signature="feature(cucumber.api.testng.CucumberFeatureWrapper)[pri:0, instance:HooksAndTestRunner.TestRunnerOne@6c3708b3]" name="feature" duration-ms="4720" started-at="2018-06-05T03:31:27Z" description="Runs Cucumber Feature" data-provider="features" finished-at="2018-06-05T03:31:32Z">
          <params>
            <param index="0">
              <value>
                <![CDATA[WikipediaTests]]>
              </value>
            </param>
          </params>
          <reporter-output>
          </reporter-output>
        </test-method> <!-- feature -->
        <test-method status="PASS" signature="tearDownr(org.testng.ITestResult)[pri:0, instance:HooksAndTestRunner.TestRunnerOne@6c3708b3]" name="tearDownr" is-config="true" duration-ms="410" started-at="2018-06-05T03:31:32Z" finished-at="2018-06-05T03:31:33Z">
          <params>
            <param index="0">
              <value>
                <![CDATA[[TestResult name=feature status=SUCCESS method=AbstractTestNGCucumberTests.feature(cucumber.api.testng.CucumberFeatureWrapper)[pri:0, instance:HooksAndTestRunner.TestRunnerOne@6c3708b3] output={null}]]]>
              </value>
            </param>
          </params>
          <reporter-output>
          </reporter-output>
        </test-method> <!-- tearDownr -->
        <test-method status="PASS" signature="takeScreenshot()[pri:0, instance:HooksAndTestRunner.TestRunnerOne@6c3708b3]" name="takeScreenshot" is-config="true" duration-ms="1053" started-at="2018-06-05T03:31:33Z" finished-at="2018-06-05T03:31:34Z">
          <reporter-output>
          </reporter-output>
        </test-method> <!-- takeScreenshot -->
        <test-method status="PASS" signature="tearDownClass()[pri:0, instance:HooksAndTestRunner.TestRunnerOne@6c3708b3]" name="tearDownClass" is-config="true" duration-ms="7" started-at="2018-06-05T03:31:34Z" finished-at="2018-06-05T03:31:34Z">
          <reporter-output>
          </reporter-output>
        </test-method> <!-- tearDownClass -->
      </class> <!-- HooksAndTestRunner.TestRunnerOne -->
    </test> <!-- WikipediaTests -->
  </suite> <!-- BDD Test Suite -->
</testng-results>
