<?xml version="1.0" encoding="UTF-8"?>
<testsuite xmlns:xsi="http://www.w3.org/2001/XMLSchema-instance" xsi:schemaLocation="https://maven.apache.org/surefire/maven-surefire-plugin/xsd/surefire-test-report.xsd" name="TestSuite" time="30.813" tests="4" errors="0" skipped="0" failures="0">
  <properties>
[...]
</properties>
  <testcase name="feature" classname="HooksAndTestRunner.TestRunnerOne" time="0.333"/>
  <testcase name="feature" classname="HooksAndTestRunner.TestRunnerOne" time="4.701"/>
  <testcase name="feature" classname="HooksAndTestRunner.TestRunnerOne" time="0.031"/>
  <testcase name="feature" classname="HooksAndTestRunner.TestRunnerOne" time="4.558"/>
</testsuite>