<?xml version="1.0" encoding="UTF-8"?>
<testng-results skipped="0" failed="0" total="4" passed="4">
  <reporter-output>
  </reporter-output>
  <suite name="BDD Test Suite" duration-ms="29759" started-at="2018-06-05T02:10:18Z" finished-at="2018-06-05T02:10:48Z">
    <groups>
      <group name="cucumber">
        <method signature="AbstractTestNGCucumberTests.feature(cucumber.api.testng.CucumberFeatureWrapper)[pri:0, instance:HooksAndTestRunner.TestRunnerOne@7225790e]" name="feature" class="cucumber.api.testng.AbstractTestNGCucumberTests"/>
        <method signature="AbstractTestNGCucumberTests.feature(cucumber.api.testng.CucumberFeatureWrapper)[pri:0, instance:HooksAndTestRunner.TestRunnerOne@458ad742]" name="feature" class="cucumber.api.testng.AbstractTestNGCucumberTests"/>
      </group> <!-- cucumber -->
    </groups>
    <test name="ArrayTests1" duration-ms="17083" started-at="2018-06-05T02:10:18Z" finished-at="2018-06-05T02:10:35Z">
      <class name="HooksAndTestRunner.TestRunnerOne">
        <test-method status="PASS" signature="setUpClass()[pri:0, instance:HooksAndTestRunner.TestRunnerOne@7225790e]" name="setUpClass" is-config="true" duration-ms="660" started-at="2018-06-05T03:10:18Z" finished-at="2018-06-05T03:10:19Z">
          <reporter-output>
          </reporter-output>
        </test-method> <!-- setUpClass -->
        <test-method status="PASS" signature="setUp()[pri:0, instance:HooksAndTestRunner.TestRunnerOne@7225790e]" name="setUp" is-config="true" duration-ms="9068" started-at="2018-06-05T03:10:19Z" finished-at="2018-06-05T03:10:28Z">
          <reporter-output>
          </reporter-output>
        </test-method> <!-- setUp -->
        <test-method status="PASS" signature="feature(cucumber.api.testng.CucumberFeatureWrapper)[pri:0, instance:HooksAndTestRunner.TestRunnerOne@7225790e]" name="feature" duration-ms="326" started-at="2018-06-05T03:10:28Z" description="Runs Cucumber Feature" data-provider="features" finished-at="2018-06-05T03:10:28Z">
          <params>
            <param index="0">
              <value>
                <![CDATA[ArrayTests]]>
              </value>
            </param>
          </params>
          <reporter-output>
          </reporter-output>
        </test-method> <!-- feature -->
        <test-method status="PASS" signature="tearDownr(org.testng.ITestResult)[pri:0, instance:HooksAndTestRunner.TestRunnerOne@7225790e]" name="tearDownr" is-config="true" duration-ms="450" started-at="2018-06-05T03:10:28Z" finished-at="2018-06-05T03:10:29Z">
          <params>
            <param index="0">
              <value>
                <![CDATA[[TestResult name=feature status=SUCCESS method=AbstractTestNGCucumberTests.feature(cucumber.api.testng.CucumberFeatureWrapper)[pri:0, instance:HooksAndTestRunner.TestRunnerOne@7225790e] output={null}]]]>
              </value>
            </param>
          </params>
          <reporter-output>
          </reporter-output>
        </test-method> <!-- tearDownr -->
        <test-method status="PASS" signature="feature(cucumber.api.testng.CucumberFeatureWrapper)[pri:0, instance:HooksAndTestRunner.TestRunnerOne@7225790e]" name="feature" duration-ms="4698" started-at="2018-06-05T03:10:29Z" description="Runs Cucumber Feature" data-provider="features" finished-at="2018-06-05T03:10:33Z">
          <params>
            <param index="0">
              <value>
                <![CDATA[WikipediaTests]]>
              </value>
            </param>
          </params>
          <reporter-output>
          </reporter-output>
        </test-method> <!-- feature -->
        <test-method status="PASS" signature="tearDownr(org.testng.ITestResult)[pri:0, instance:HooksAndTestRunner.TestRunnerOne@7225790e]" name="tearDownr" is-config="true" duration-ms="427" started-at="2018-06-05T03:10:33Z" finished-at="2018-06-05T03:10:34Z">
          <params>
            <param index="0">
              <value>
                <![CDATA[[TestResult name=feature status=SUCCESS method=AbstractTestNGCucumberTests.feature(cucumber.api.testng.CucumberFeatureWrapper)[pri:0, instance:HooksAndTestRunner.TestRunnerOne@7225790e] output={null}]]]>
              </value>
            </param>
          </params>
          <reporter-output>
          </reporter-output>
        </test-method> <!-- tearDownr -->
        <test-method status="PASS" signature="takeScreenshot()[pri:0, instance:HooksAndTestRunner.TestRunnerOne@7225790e]" name="takeScreenshot" is-config="true" duration-ms="1186" started-at="2018-06-05T03:10:34Z" finished-at="2018-06-05T03:10:35Z">
          <reporter-output>
          </reporter-output>
        </test-method> <!-- takeScreenshot -->
        <test-method status="PASS" signature="tearDownClass()[pri:0, instance:HooksAndTestRunner.TestRunnerOne@7225790e]" name="tearDownClass" is-config="true" duration-ms="22" started-at="2018-06-05T03:10:35Z" finished-at="2018-06-05T03:10:35Z">
          <reporter-output>
          </reporter-output>
        </test-method> <!-- tearDownClass -->
      </class> <!-- HooksAndTestRunner.TestRunnerOne -->
    </test> <!-- ArrayTests1 -->
    <test name="WikipediaTests1" duration-ms="12646" started-at="2018-06-05T02:10:35Z" finished-at="2018-06-05T02:10:48Z">
      <class name="HooksAndTestRunner.TestRunnerOne">
        <test-method status="PASS" signature="setUpClass()[pri:0, instance:HooksAndTestRunner.TestRunnerOne@458ad742]" name="setUpClass" is-config="true" duration-ms="26" started-at="2018-06-05T03:10:35Z" finished-at="2018-06-05T03:10:35Z">
          <reporter-output>
          </reporter-output>
        </test-method> <!-- setUpClass -->
        <test-method status="PASS" signature="setUp()[pri:0, instance:HooksAndTestRunner.TestRunnerOne@458ad742]" name="setUp" is-config="true" duration-ms="5841" started-at="2018-06-05T03:10:35Z" finished-at="2018-06-05T03:10:41Z">
          <reporter-output>
          </reporter-output>
        </test-method> <!-- setUp -->
        <test-method status="PASS" signature="feature(cucumber.api.testng.CucumberFeatureWrapper)[pri:0, instance:HooksAndTestRunner.TestRunnerOne@458ad742]" name="feature" duration-ms="32" started-at="2018-06-05T03:10:41Z" description="Runs Cucumber Feature" data-provider="features" finished-at="2018-06-05T03:10:41Z">
          <params>
            <param index="0">
              <value>
                <![CDATA[ArrayTests]]>
              </value>
            </param>
          </params>
          <reporter-output>
          </reporter-output>
        </test-method> <!-- feature -->
        <test-method status="PASS" signature="tearDownr(org.testng.ITestResult)[pri:0, instance:HooksAndTestRunner.TestRunnerOne@458ad742]" name="tearDownr" is-config="true" duration-ms="494" started-at="2018-06-05T03:10:41Z" finished-at="2018-06-05T03:10:41Z">
          <params>
            <param index="0">
              <value>
                <![CDATA[[TestResult name=feature status=SUCCESS method=AbstractTestNGCucumberTests.feature(cucumber.api.testng.CucumberFeatureWrapper)[pri:0, instance:HooksAndTestRunner.TestRunnerOne@458ad742] output={null}]]]>
              </value>
            </param>
          </params>
          <reporter-output>
          </reporter-output>
        </test-method> <!-- tearDownr -->
        <test-method status="PASS" signature="feature(cucumber.api.testng.CucumberFeatureWrapper)[pri:0, instance:HooksAndTestRunner.TestRunnerOne@458ad742]" name="feature" duration-ms="4562" started-at="2018-06-05T03:10:41Z" description="Runs Cucumber Feature" data-provider="features" finished-at="2018-06-05T03:10:46Z">
          <params>
            <param index="0">
              <value>
                <![CDATA[WikipediaTests]]>
              </value>
            </param>
          </params>
          <reporter-output>
          </reporter-output>
        </test-method> <!-- feature -->
        <test-method status="PASS" signature="tearDownr(org.testng.ITestResult)[pri:0, instance:HooksAndTestRunner.TestRunnerOne@458ad742]" name="tearDownr" is-config="true" duration-ms="397" started-at="2018-06-05T03:10:46Z" finished-at="2018-06-05T03:10:46Z">
          <params>
            <param index="0">
              <value>
                <![CDATA[[TestResult name=feature status=SUCCESS method=AbstractTestNGCucumberTests.feature(cucumber.api.testng.CucumberFeatureWrapper)[pri:0, instance:HooksAndTestRunner.TestRunnerOne@458ad742] output={null}]]]>
              </value>
            </param>
          </params>
          <reporter-output>
          </reporter-output>
        </test-method> <!-- tearDownr -->
        <test-method status="PASS" signature="takeScreenshot()[pri:0, instance:HooksAndTestRunner.TestRunnerOne@458ad742]" name="takeScreenshot" is-config="true" duration-ms="1267" started-at="2018-06-05T03:10:46Z" finished-at="2018-06-05T03:10:48Z">
          <reporter-output>
          </reporter-output>
        </test-method> <!-- takeScreenshot -->
        <test-method status="PASS" signature="tearDownClass()[pri:0, instance:HooksAndTestRunner.TestRunnerOne@458ad742]" name="tearDownClass" is-config="true" duration-ms="15" started-at="2018-06-05T03:10:48Z" finished-at="2018-06-05T03:10:48Z">
          <reporter-output>
          </reporter-output>
        </test-method> <!-- tearDownClass -->
      </class> <!-- HooksAndTestRunner.TestRunnerOne -->
    </test> <!-- WikipediaTests1 -->
  </suite> <!-- BDD Test Suite -->
</testng-results>
